2026-07-07 21:48:11 URL:http://deb.debian.org/debian/dists/stable/InRelease [140415/140415] -> "/home/eva/Documents/Troposphere-Jibo/include/dual_rootfs/var/lib/apt/lists/partial/deb.debian.org_debian_dists_stable_InRelease" [1]
2026-07-07 21:48:13 URL:http://deb.debian.org/debian/dists/stable/main/binary-armhf/by-hash/SHA256/52cd228fd6d32d43b5b4565c6ed471cab2ea199744324f63345a1ac08bed368f [9238176/9238176] -> "/home/eva/Documents/Troposphere-Jibo/include/dual_rootfs/var/lib/apt/lists/partial/deb.debian.org_debian_dists_stable_main_binary-armhf_Packages.xz" [1]
2026-07-07 21:48:22 URL:http://deb.debian.org/debian/pool/main/a/apt/apt_3.0.3_armhf.deb [1363968/1363968] -> "/home/eva/Documents/Troposphere-Jibo/include/dual_rootfs//var/cache/apt/archives/partial/apt_3.0.3_armhf.deb" [1]
2026-07-07 21:48:23 URL:http://deb.debian.org/debian/pool/main/b/base-files/base-files_13.8+deb13u5_armhf.deb [73280/73280] -> "/home/eva/Documents/Troposphere-Jibo/include/dual_rootfs//var/cache/apt/archives/partial/base-files_13.8+deb13u5_armhf.deb" [1]
2026-07-07 21:48:23 URL:http://deb.debian.org/debian/pool/main/b/base-passwd/base-passwd_3.6.7_armhf.deb [52520/52520] -> "/home/eva/Documents/Troposphere-Jibo/include/dual_rootfs//var/cache/apt/archives/partial/base-passwd_3.6.7_armhf.deb" [1]
2026-07-07 21:48:23 URL:http://deb.debian.org/debian/pool/main/b/bash/bash_5.2.37-2+b9_armhf.deb [1432756/1432756] -> "/home/eva/Documents/Troposphere-Jibo/include/dual_rootfs//var/cache/apt/archives/partial/bash_5.2.37-2+b9_armhf.deb" [1]
2026-07-07 21:48:23 URL:http://deb.debian.org/debian/pool/main/u/util-linux/bsdutils_2.41-5_armhf.deb [101328/101328] -> "/home/eva/Documents/Troposphere-Jibo/include/dual_rootfs//var/cache/apt/archives/partial/bsdutils_1%3a2.41-5_armhf.deb" [1]
2026-07-07 21:48:24 URL:http://deb.debian.org/debian/pool/main/c/coreutils/coreutils_9.7-3_armhf.deb [2868896/2868896] -> "/home/eva/Documents/Troposphere-Jibo/include/dual_rootfs//var/cache/apt/archives/partial/coreutils_9.7-3_armhf.deb" [1]
2026-07-07 21:48:24 URL:http://deb.debian.org/debian/pool/main/d/dash/dash_0.5.12-12_armhf.deb [90420/90420] -> "/home/eva/Documents/Troposphere-Jibo/include/dual_rootfs//var/cache/apt/archives/partial/dash_0.5.12-12_armhf.deb" [1]
2026-07-07 21:48:24 URL:http://deb.debian.org/debian/pool/main/d/debconf/debconf_1.5.91_all.deb [121088/121088] -> "/home/eva/Documents/Troposphere-Jibo/include/dual_rootfs//var/cache/apt/archives/partial/debconf_1.5.91_all.deb" [1]
2026-07-07 21:48:25 URL:http://deb.debian.org/debian/pool/main/d/debian-archive-keyring/debian-archive-keyring_2025.1_all.deb [179244/179244] -> "/home/eva/Documents/Troposphere-Jibo/include/dual_rootfs//var/cache/apt/archives/partial/debian-archive-keyring_2025.1_all.deb" [1]
2026-07-07 21:48:25 URL:http://deb.debian.org/debian/pool/main/d/debianutils/debianutils_5.23.2_armhf.deb [91408/91408] -> "/home/eva/Documents/Troposphere-Jibo/include/dual_rootfs//var/cache/apt/archives/partial/debianutils_5.23.2_armhf.deb" [1]
2026-07-07 21:48:25 URL:http://deb.debian.org/debian/pool/main/d/diffutils/diffutils_3.10-4_armhf.deb [369476/369476] -> "/home/eva/Documents/Troposphere-Jibo/include/dual_rootfs//var/cache/apt/archives/partial/diffutils_1%3a3.10-4_armhf.deb" [1]
2026-07-07 21:48:25 URL:http://deb.debian.org/debian/pool/main/d/dpkg/dpkg_1.22.22_armhf.deb [1487744/1487744] -> "/home/eva/Documents/Troposphere-Jibo/include/dual_rootfs//var/cache/apt/archives/partial/dpkg_1.22.22_armhf.deb" [1]
2026-07-07 21:48:26 URL:http://deb.debian.org/debian/pool/main/f/findutils/findutils_4.10.0-3_armhf.deb [686648/686648] -> "/home/eva/Documents/Troposphere-Jibo/include/dual_rootfs//var/cache/apt/archives/partial/findutils_4.10.0-3_armhf.deb" [1]
2026-07-07 21:48:26 URL:http://deb.debian.org/debian/pool/main/g/gcc-14/gcc-14-base_14.2.0-19_armhf.deb [49392/49392] -> "/home/eva/Documents/Troposphere-Jibo/include/dual_rootfs//var/cache/apt/archives/partial/gcc-14-base_14.2.0-19_armhf.deb" [1]
2026-07-07 21:48:26 URL:http://deb.debian.org/debian/pool/main/g/grep/grep_3.11-4_armhf.deb [420212/420212] -> "/home/eva/Documents/Troposphere-Jibo/include/dual_rootfs//var/cache/apt/archives/partial/grep_3.11-4_armhf.deb" [1]
2026-07-07 21:48:26 URL:http://deb.debian.org/debian/pool/main/g/gzip/gzip_1.13-1_armhf.deb [133660/133660] -> "/home/eva/Documents/Troposphere-Jibo/include/dual_rootfs//var/cache/apt/archives/partial/gzip_1.13-1_armhf.deb" [1]
2026-07-07 21:48:26 URL:http://deb.debian.org/debian/pool/main/h/hostname/hostname_3.25_armhf.deb [10008/10008] -> "/home/eva/Documents/Troposphere-Jibo/include/dual_rootfs//var/cache/apt/archives/partial/hostname_3.25_armhf.deb" [1]
2026-07-07 21:48:27 URL:http://deb.debian.org/debian/pool/main/i/init-system-helpers/init-system-helpers_1.69~deb13u1_all.deb [39360/39360] -> "/home/eva/Documents/Troposphere-Jibo/include/dual_rootfs//var/cache/apt/archives/partial/init-system-helpers_1.69~deb13u1_all.deb" [1]
2026-07-07 21:48:27 URL:http://deb.debian.org/debian/pool/main/a/acl/libacl1_2.3.2-2+b1_armhf.deb [30040/30040] -> "/home/eva/Documents/Troposphere-Jibo/include/dual_rootfs//var/cache/apt/archives/partial/libacl1_2.3.2-2+b1_armhf.deb" [1]
2026-07-07 21:48:27 URL:http://deb.debian.org/debian/pool/main/a/apt/libapt-pkg7.0_3.0.3_armhf.deb [973384/973384] -> "/home/eva/Documents/Troposphere-Jibo/include/dual_rootfs//var/cache/apt/archives/partial/libapt-pkg7.0_3.0.3_armhf.deb" [1]
2026-07-07 21:48:27 URL:http://deb.debian.org/debian/pool/main/a/attr/libattr1_2.5.2-3_armhf.deb [21972/21972] -> "/home/eva/Documents/Troposphere-Jibo/include/dual_rootfs//var/cache/apt/archives/partial/libattr1_1%3a2.5.2-3_armhf.deb" [1]
2026-07-07 21:48:27 URL:http://deb.debian.org/debian/pool/main/a/audit/libaudit-common_4.0.2-2_all.deb [12692/12692] -> "/home/eva/Documents/Troposphere-Jibo/include/dual_rootfs//var/cache/apt/archives/partial/libaudit-common_1%3a4.0.2-2_all.deb" [1]
2026-07-07 21:48:27 URL:http://deb.debian.org/debian/pool/main/a/audit/libaudit1_4.0.2-2+b2_armhf.deb [49232/49232] -> "/home/eva/Documents/Troposphere-Jibo/include/dual_rootfs//var/cache/apt/archives/partial/libaudit1_1%3a4.0.2-2+b2_armhf.deb" [1]
2026-07-07 21:48:28 URL:http://deb.debian.org/debian/pool/main/u/util-linux/libblkid1_2.41-5_armhf.deb [155444/155444] -> "/home/eva/Documents/Troposphere-Jibo/include/dual_rootfs//var/cache/apt/archives/partial/libblkid1_2.41-5_armhf.deb" [1]
2026-07-07 21:48:28 URL:http://deb.debian.org/debian/pool/main/libb/libbsd/libbsd0_0.12.2-2_armhf.deb [127036/127036] -> "/home/eva/Documents/Troposphere-Jibo/include/dual_rootfs//var/cache/apt/archives/partial/libbsd0_0.12.2-2_armhf.deb" [1]
2026-07-07 21:48:28 URL:http://deb.debian.org/debian/pool/main/b/bzip2/libbz2-1.0_1.0.8-6_armhf.deb [34952/34952] -> "/home/eva/Documents/Troposphere-Jibo/include/dual_rootfs//var/cache/apt/archives/partial/libbz2-1.0_1.0.8-6_armhf.deb" [1]
2026-07-07 21:48:28 URL:http://deb.debian.org/debian/pool/main/g/glibc/libc-bin_2.41-12+deb13u3_armhf.deb [524480/524480] -> "/home/eva/Documents/Troposphere-Jibo/include/dual_rootfs//var/cache/apt/archives/partial/libc-bin_2.41-12+deb13u3_armhf.deb" [1]
2026-07-07 21:48:29 URL:http://deb.debian.org/debian/pool/main/g/glibc/libc6_2.41-12+deb13u3_armhf.deb [2249772/2249772] -> "/home/eva/Documents/Troposphere-Jibo/include/dual_rootfs//var/cache/apt/archives/partial/libc6_2.41-12+deb13u3_armhf.deb" [1]
2026-07-07 21:48:29 URL:http://deb.debian.org/debian/pool/main/libc/libcap-ng/libcap-ng0_0.8.5-4+b1_armhf.deb [16120/16120] -> "/home/eva/Documents/Troposphere-Jibo/include/dual_rootfs//var/cache/apt/archives/partial/libcap-ng0_0.8.5-4+b1_armhf.deb" [1]
2026-07-07 21:48:29 URL:http://deb.debian.org/debian/pool/main/libc/libcap2/libcap2_2.75-10+deb13u1+b1_armhf.deb [25048/25048] -> "/home/eva/Documents/Troposphere-Jibo/include/dual_rootfs//var/cache/apt/archives/partial/libcap2_1%3a2.75-10+deb13u1+b1_armhf.deb" [1]
2026-07-07 21:48:29 URL:http://deb.debian.org/debian/pool/main/libx/libxcrypt/libcrypt1_4.4.38-1_armhf.deb [95644/95644] -> "/home/eva/Documents/Troposphere-Jibo/include/dual_rootfs//var/cache/apt/archives/partial/libcrypt1_1%3a4.4.38-1_armhf.deb" [1]
2026-07-07 21:48:29 URL:http://deb.debian.org/debian/pool/main/d/db5.3/libdb5.3t64_5.3.28+dfsg2-9_armhf.deb [602320/602320] -> "/home/eva/Documents/Troposphere-Jibo/include/dual_rootfs//var/cache/apt/archives/partial/libdb5.3t64_5.3.28+dfsg2-9_armhf.deb" [1]
2026-07-07 21:48:29 URL:http://deb.debian.org/debian/pool/main/c/cdebconf/libdebconfclient0_0.280_armhf.deb [10304/10304] -> "/home/eva/Documents/Troposphere-Jibo/include/dual_rootfs//var/cache/apt/archives/partial/libdebconfclient0_0.280_armhf.deb" [1]
2026-07-07 21:48:30 URL:http://deb.debian.org/debian/pool/main/g/gcc-14/libgcc-s1_14.2.0-19_armhf.deb [37008/37008] -> "/home/eva/Documents/Troposphere-Jibo/include/dual_rootfs//var/cache/apt/archives/partial/libgcc-s1_14.2.0-19_armhf.deb" [1]
2026-07-07 21:48:30 URL:http://deb.debian.org/debian/pool/main/g/gmp/libgmp10_6.3.0+dfsg-3_armhf.deb [512384/512384] -> "/home/eva/Documents/Troposphere-Jibo/include/dual_rootfs//var/cache/apt/archives/partial/libgmp10_2%3a6.3.0+dfsg-3_armhf.deb" [1]
2026-07-07 21:48:30 URL:http://deb.debian.org/debian/pool/main/n/nettle/libhogweed6t64_3.10.1-1_armhf.deb [322448/322448] -> "/home/eva/Documents/Troposphere-Jibo/include/dual_rootfs//var/cache/apt/archives/partial/libhogweed6t64_3.10.1-1_armhf.deb" [1]
2026-07-07 21:48:30 URL:http://deb.debian.org/debian/pool/main/u/util-linux/liblastlog2-2_2.41-5_armhf.deb [27776/27776] -> "/home/eva/Documents/Troposphere-Jibo/include/dual_rootfs//var/cache/apt/archives/partial/liblastlog2-2_2.41-5_armhf.deb" [1]
2026-07-07 21:48:30 URL:http://deb.debian.org/debian/pool/main/l/lz4/liblz4-1_1.10.0-4_armhf.deb [52848/52848] -> "/home/eva/Documents/Troposphere-Jibo/include/dual_rootfs//var/cache/apt/archives/partial/liblz4-1_1.10.0-4_armhf.deb" [1]
2026-07-07 21:48:31 URL:http://deb.debian.org/debian/pool/main/x/xz-utils/liblzma5_5.8.1-1_armhf.deb [295984/295984] -> "/home/eva/Documents/Troposphere-Jibo/include/dual_rootfs//var/cache/apt/archives/partial/liblzma5_5.8.1-1_armhf.deb" [1]
2026-07-07 21:48:31 URL:http://deb.debian.org/debian/pool/main/libm/libmd/libmd0_1.1.0-2+b1_armhf.deb [31908/31908] -> "/home/eva/Documents/Troposphere-Jibo/include/dual_rootfs//var/cache/apt/archives/partial/libmd0_1.1.0-2+b1_armhf.deb" [1]
2026-07-07 21:48:31 URL:http://deb.debian.org/debian/pool/main/u/util-linux/libmount1_2.41-5_armhf.deb [188956/188956] -> "/home/eva/Documents/Troposphere-Jibo/include/dual_rootfs//var/cache/apt/archives/partial/libmount1_2.41-5_armhf.deb" [1]
2026-07-07 21:48:31 URL:http://deb.debian.org/debian/pool/main/n/nettle/libnettle8t64_3.10.1-1_armhf.deb [311872/311872] -> "/home/eva/Documents/Troposphere-Jibo/include/dual_rootfs//var/cache/apt/archives/partial/libnettle8t64_3.10.1-1_armhf.deb" [1]
2026-07-07 21:48:31 URL:http://deb.debian.org/debian/pool/main/p/pam/libpam-modules_1.7.0-5_armhf.deb [164240/164240] -> "/home/eva/Documents/Troposphere-Jibo/include/dual_rootfs//var/cache/apt/archives/partial/libpam-modules_1.7.0-5_armhf.deb" [1]
2026-07-07 21:48:31 URL:http://deb.debian.org/debian/pool/main/p/pam/libpam-modules-bin_1.7.0-5_armhf.deb [45176/45176] -> "/home/eva/Documents/Troposphere-Jibo/include/dual_rootfs//var/cache/apt/archives/partial/libpam-modules-bin_1.7.0-5_armhf.deb" [1]
2026-07-07 21:48:32 URL:http://deb.debian.org/debian/pool/main/p/pam/libpam-runtime_1.7.0-5_all.deb [248720/248720] -> "/home/eva/Documents/Troposphere-Jibo/include/dual_rootfs//var/cache/apt/archives/partial/libpam-runtime_1.7.0-5_all.deb" [1]
2026-07-07 21:48:32 URL:http://deb.debian.org/debian/pool/main/p/pam/libpam0g_1.7.0-5_armhf.deb [64496/64496] -> "/home/eva/Documents/Troposphere-Jibo/include/dual_rootfs//var/cache/apt/archives/partial/libpam0g_1.7.0-5_armhf.deb" [1]
2026-07-07 21:48:32 URL:http://deb.debian.org/debian/pool/main/p/pcre2/libpcre2-8-0_10.46-1~deb13u1_armhf.deb [259492/259492] -> "/home/eva/Documents/Troposphere-Jibo/include/dual_rootfs//var/cache/apt/archives/partial/libpcre2-8-0_10.46-1~deb13u1_armhf.deb" [1]
2026-07-07 21:48:32 URL:http://deb.debian.org/debian/pool/main/libs/libseccomp/libseccomp2_2.6.0-2_armhf.deb [49280/49280] -> "/home/eva/Documents/Troposphere-Jibo/include/dual_rootfs//var/cache/apt/archives/partial/libseccomp2_2.6.0-2_armhf.deb" [1]
2026-07-07 21:48:32 URL:http://deb.debian.org/debian/pool/main/libs/libselinux/libselinux1_3.8.1-1_armhf.deb [74792/74792] -> "/home/eva/Documents/Troposphere-Jibo/include/dual_rootfs//var/cache/apt/archives/partial/libselinux1_3.8.1-1_armhf.deb" [1]
2026-07-07 21:48:32 URL:http://deb.debian.org/debian/pool/main/libs/libsemanage/libsemanage-common_3.8.1-1_all.deb [7812/7812] -> "/home/eva/Documents/Troposphere-Jibo/include/dual_rootfs//var/cache/apt/archives/partial/libsemanage-common_3.8.1-1_all.deb" [1]
2026-07-07 21:48:33 URL:http://deb.debian.org/debian/pool/main/libs/libsemanage/libsemanage2_3.8.1-1_armhf.deb [81172/81172] -> "/home/eva/Documents/Troposphere-Jibo/include/dual_rootfs//var/cache/apt/archives/partial/libsemanage2_3.8.1-1_armhf.deb" [1]
2026-07-07 21:48:33 URL:http://deb.debian.org/debian/pool/main/libs/libsepol/libsepol2_3.8.1-1_armhf.deb [256324/256324] -> "/home/eva/Documents/Troposphere-Jibo/include/dual_rootfs//var/cache/apt/archives/partial/libsepol2_3.8.1-1_armhf.deb" [1]
2026-07-07 21:48:33 URL:http://deb.debian.org/debian/pool/main/u/util-linux/libsmartcols1_2.41-5_armhf.deb [126940/126940] -> "/home/eva/Documents/Troposphere-Jibo/include/dual_rootfs//var/cache/apt/archives/partial/libsmartcols1_2.41-5_armhf.deb" [1]
2026-07-07 21:48:33 URL:http://deb.debian.org/debian/pool/main/s/sqlite3/libsqlite3-0_3.46.1-7+deb13u1_armhf.deb [803136/803136] -> "/home/eva/Documents/Troposphere-Jibo/include/dual_rootfs//var/cache/apt/archives/partial/libsqlite3-0_3.46.1-7+deb13u1_armhf.deb" [1]
2026-07-07 21:48:34 URL:http://deb.debian.org/debian/pool/main/o/openssl/libssl3t64_3.5.6-1~deb13u1_armhf.deb [1993208/1993208] -> "/home/eva/Documents/Troposphere-Jibo/include/dual_rootfs//var/cache/apt/archives/partial/libssl3t64_3.5.6-1~deb13u1_armhf.deb" [1]
2026-07-07 21:48:34 URL:http://deb.debian.org/debian/pool/main/g/gcc-14/libstdc++6_14.2.0-19_armhf.deb [606604/606604] -> "/home/eva/Documents/Troposphere-Jibo/include/dual_rootfs//var/cache/apt/archives/partial/libstdc++6_14.2.0-19_armhf.deb" [1]
2026-07-07 21:48:34 URL:http://deb.debian.org/debian/pool/main/s/systemd/libsystemd0_257.13-1~deb13u1_armhf.deb [418864/418864] -> "/home/eva/Documents/Troposphere-Jibo/include/dual_rootfs//var/cache/apt/archives/partial/libsystemd0_257.13-1~deb13u1_armhf.deb" [1]
2026-07-07 21:48:35 URL:http://deb.debian.org/debian/pool/main/n/ncurses/libtinfo6_6.5+20250216-2_armhf.deb [333044/333044] -> "/home/eva/Documents/Troposphere-Jibo/include/dual_rootfs//var/cache/apt/archives/partial/libtinfo6_6.5+20250216-2_armhf.deb" [1]
2026-07-07 21:48:35 URL:http://deb.debian.org/debian/pool/main/s/systemd/libudev1_257.13-1~deb13u1_armhf.deb [142380/142380] -> "/home/eva/Documents/Troposphere-Jibo/include/dual_rootfs//var/cache/apt/archives/partial/libudev1_257.13-1~deb13u1_armhf.deb" [1]
2026-07-07 21:48:35 URL:http://deb.debian.org/debian/pool/main/u/util-linux/libuuid1_2.41-5_armhf.deb [36408/36408] -> "/home/eva/Documents/Troposphere-Jibo/include/dual_rootfs//var/cache/apt/archives/partial/libuuid1_2.41-5_armhf.deb" [1]
2026-07-07 21:48:35 URL:http://deb.debian.org/debian/pool/main/x/xxhash/libxxhash0_0.8.3-2_armhf.deb [31232/31232] -> "/home/eva/Documents/Troposphere-Jibo/include/dual_rootfs//var/cache/apt/archives/partial/libxxhash0_0.8.3-2_armhf.deb" [1]
2026-07-07 21:48:35 URL:http://deb.debian.org/debian/pool/main/libz/libzstd/libzstd1_1.5.7+dfsg-1_armhf.deb [264236/264236] -> "/home/eva/Documents/Troposphere-Jibo/include/dual_rootfs//var/cache/apt/archives/partial/libzstd1_1.5.7+dfsg-1_armhf.deb" [1]
2026-07-07 21:48:35 URL:http://deb.debian.org/debian/pool/main/u/util-linux/login_4.16.0-2+really2.41-5_armhf.deb [107368/107368] -> "/home/eva/Documents/Troposphere-Jibo/include/dual_rootfs//var/cache/apt/archives/partial/login_1%3a4.16.0-2+really2.41-5_armhf.deb" [1]
2026-07-07 21:48:36 URL:http://deb.debian.org/debian/pool/main/s/shadow/login.defs_4.17.4-2_all.deb [186124/186124] -> "/home/eva/Documents/Troposphere-Jibo/include/dual_rootfs//var/cache/apt/archives/partial/login.defs_1%3a4.17.4-2_all.deb" [1]
2026-07-07 21:48:36 URL:http://deb.debian.org/debian/pool/main/m/mawk/mawk_1.3.4.20250131-1_armhf.deb [130628/130628] -> "/home/eva/Documents/Troposphere-Jibo/include/dual_rootfs//var/cache/apt/archives/partial/mawk_1.3.4.20250131-1_armhf.deb" [1]
2026-07-07 21:48:36 URL:http://deb.debian.org/debian/pool/main/u/util-linux/mount_2.41-5_armhf.deb [150236/150236] -> "/home/eva/Documents/Troposphere-Jibo/include/dual_rootfs//var/cache/apt/archives/partial/mount_2.41-5_armhf.deb" [1]
2026-07-07 21:48:36 URL:http://deb.debian.org/debian/pool/main/n/ncurses/ncurses-base_6.5+20250216-2_all.deb [273216/273216] -> "/home/eva/Documents/Troposphere-Jibo/include/dual_rootfs//var/cache/apt/archives/partial/ncurses-base_6.5+20250216-2_all.deb" [1]
2026-07-07 21:48:37 URL:http://deb.debian.org/debian/pool/main/n/ncurses/ncurses-bin_6.5+20250216-2_armhf.deb [429332/429332] -> "/home/eva/Documents/Troposphere-Jibo/include/dual_rootfs//var/cache/apt/archives/partial/ncurses-bin_6.5+20250216-2_armhf.deb" [1]
2026-07-07 21:48:37 URL:http://deb.debian.org/debian/pool/main/o/openssl/openssl-provider-legacy_3.5.6-1~deb13u1_armhf.deb [304100/304100] -> "/home/eva/Documents/Troposphere-Jibo/include/dual_rootfs//var/cache/apt/archives/partial/openssl-provider-legacy_3.5.6-1~deb13u1_armhf.deb" [1]
2026-07-07 21:48:37 URL:http://deb.debian.org/debian/pool/main/s/shadow/passwd_4.17.4-2_armhf.deb [1181288/1181288] -> "/home/eva/Documents/Troposphere-Jibo/include/dual_rootfs//var/cache/apt/archives/partial/passwd_1%3a4.17.4-2_armhf.deb" [1]
2026-07-07 21:48:38 URL:http://deb.debian.org/debian/pool/main/p/perl/perl-base_5.40.1-6_armhf.deb [1514912/1514912] -> "/home/eva/Documents/Troposphere-Jibo/include/dual_rootfs//var/cache/apt/archives/partial/perl-base_5.40.1-6_armhf.deb" [1]
2026-07-07 21:48:38 URL:http://deb.debian.org/debian/pool/main/s/sed/sed_4.9-2+deb13u1_armhf.deb [321948/321948] -> "/home/eva/Documents/Troposphere-Jibo/include/dual_rootfs//var/cache/apt/archives/partial/sed_4.9-2+deb13u1_armhf.deb" [1]
2026-07-07 21:48:38 URL:http://deb.debian.org/debian/pool/main/r/rust-sequoia-sqv/sqv_1.3.0-3+b2_armhf.deb [799956/799956] -> "/home/eva/Documents/Troposphere-Jibo/include/dual_rootfs//var/cache/apt/archives/partial/sqv_1.3.0-3+b2_armhf.deb" [1]
2026-07-07 21:48:38 URL:http://deb.debian.org/debian/pool/main/s/sysvinit/sysvinit-utils_3.14-4_armhf.deb [32776/32776] -> "/home/eva/Documents/Troposphere-Jibo/include/dual_rootfs//var/cache/apt/archives/partial/sysvinit-utils_3.14-4_armhf.deb" [1]
2026-07-07 21:48:39 URL:http://deb.debian.org/debian/pool/main/t/tar/tar_1.35+dfsg-3.1_armhf.deb [794392/794392] -> "/home/eva/Documents/Troposphere-Jibo/include/dual_rootfs//var/cache/apt/archives/partial/tar_1.35+dfsg-3.1_armhf.deb" [1]
2026-07-07 21:48:39 URL:http://deb.debian.org/debian/pool/main/t/tzdata/tzdata_2026b-0+deb13u1_all.deb [264316/264316] -> "/home/eva/Documents/Troposphere-Jibo/include/dual_rootfs//var/cache/apt/archives/partial/tzdata_2026b-0+deb13u1_all.deb" [1]
2026-07-07 21:48:39 URL:http://deb.debian.org/debian/pool/main/u/util-linux/util-linux_2.41-5_armhf.deb [1133504/1133504] -> "/home/eva/Documents/Troposphere-Jibo/include/dual_rootfs//var/cache/apt/archives/partial/util-linux_2.41-5_armhf.deb" [1]
2026-07-07 21:48:39 URL:http://deb.debian.org/debian/pool/main/z/zlib/zlib1g_1.3.dfsg+really1.3.1-1+b1_armhf.deb [75196/75196] -> "/home/eva/Documents/Troposphere-Jibo/include/dual_rootfs//var/cache/apt/archives/partial/zlib1g_1%3a1.3.dfsg+really1.3.1-1+b1_armhf.deb" [1]
